<?xml version="1.0" encoding="UTF-8"?>
<!-- Generated by org.testng.reporters.JUnitReportReporter -->
<testsuite hostname="Divya" failures="0" tests="2" name="testCases.TC001_AccountRegistrationTest" time="9.395" errors="0" timestamp="2026-05-30T11:05:36 IST" skipped="0">
  <testcase classname="testCases.TC001_AccountRegistrationTest" name="verify_account_registration" time="3.269"/>
  <testcase classname="testCases.TC001_AccountRegistrationTest" name="verify_account_registration" time="6.126"/>
</testsuite> <!-- testCases.TC001_AccountRegistrationTest -->
